Iteration	Posterior	Likelihood	Prior	rate_log_sd	rate_loss	tree_length
0	-897.3938	-1011.266	113.8719	4.154875	1.372626	1.08757
6	-980.3098	-1096.101	115.7915	1.630478	2.327614	1.08757
12	-884.8732	-997.749	112.8758	5.612832	1.132609	0.2805451
18	-875.0922	-988.5416	113.4494	3.612162	1.453823	1.787323
24	-912.5788	-1027.866	115.2868	3.612162	0.8622384	0.4827045
30	-927.6817	-1042.723	115.0409	3.708161	0.8274843	0.8743973
36	-940.2345	-1054.346	114.1115	1.239476	2.575555	2.471555
42	-894.8322	-1009.391	114.5591	2.49068	1.060933	2.020592
48	-931.6465	-1046.872	115.2259	2.49068	2.501799	0.5929519
54	-911.0384	-1026.643	115.6046	2.361582	0.9407269	1.460039
60	-1003.753	-1118.61	114.8578	1.191672	4.113615	1.602464
66	-891.4072	-1002.575	111.1683	4.889937	1.587027	2.384786
72	-889.4213	-1003.508	114.0871	2.421635	2.504331	1.732245
78	-884.5564	-999.5584	115.002	2.901155	1.144364	1.355583
84	-926.8315	-1042.3	115.4684	2.210221	0.9245886	1.683555
90	-920.8315	-1033.717	112.8856	2.300936	0.8019314	3.340746
96	-905.1404	-1017.992	112.8516	5.120597	1.166188	1.284267
102	-996.0575	-1111.701	115.6435	1.193781	1.166188	2.096795
108	-880.3707	-993.8472	113.4765	3.601826	1.443249	1.781227
114	-887.3008	-1001.86	114.5592	3.601826	1.159024	1.128297
120	-873.1234	-985.3625	112.2391	4.798685	4.179122	0.3864587
126	-892.3355	-1007.51	115.174	2.667037	0.7129475	1.742834
132	-804.7681	-916.1831	111.415	2.4456	1.794708	3.623179
138	-967.6662	-1085.664	117.9981	1.39356	0.4217916	0.8033086
144	-807.3333	-923.2145	115.8812	2.113377	0.701456	1.64449
150	-1023.23	-1136.273	113.0427	1.999191	15.12332	0.7172535
156	-900.4462	-1012.634	112.1874	1.618132	1.255688	3.881896
162	-921.5825	-1036.839	115.2565	2.291983	0.86405	1.820688
168	-906.9384	-1021.904	114.9655	3.118634	1.118445	1.227082
174	-890.1345	-1005.058	114.9233	3.118634	1.895074	0.6116811
180	-1062.681	-1176.471	113.7901	2.202676	8.650542	0.6116811
186	-909.432	-1024.942	115.5103	2.806291	1.443118	0.6824558
192	-895.8813	-1008.814	112.9332	5.473712	1.3725	0.6009809
198	-928.5587	-1043.564	115.0053	3.898722	0.8278334	0.6430902
204	-928.9663	-1044.246	115.2795	3.605529	0.8565369	0.6092836
210	-867.7554	-979.2383	111.483	4.744451	1.93473	2.130969
216	-890.3289	-1003.573	113.2443	1.597671	1.207483	3.303623
222	-900.802	-1014.06	113.2577	3.524807	4.812045	0.3151646
228	-939.019	-1051.158	112.1394	2.047932	7.495402	2.281666
234	-879.0047	-994.5446	115.5399	2.494854	1.325974	1.114318
240	-962.3829	-1077.281	114.8979	1.72289	0.5056437	2.726662
246	-949.6259	-1063.212	113.5865	5.056893	0.5056437	1.371916
252	-873.8886	-987.8942	114.0056	3.385632	2.029154	1.257377
258	-913.523	-1028.234	114.7105	2.402292	2.467777	1.293026
264	-928.9947	-1043.445	114.4498	2.166119	1.642009	1.998486
270	-889.2059	-1004.008	114.802	3.207169	1.832862	0.7479288
276	-868.5724	-980.8262	112.2538	5.650114	2.006476	0.7479288
282	-1019.272	-1130.862	111.5894	3.047626	8.935686	1.805757
288	-891.2756	-1005.599	114.3231	3.766303	1.523381	0.9104919
294	-977.5889	-1092.389	114.8004	1.968304	2.833436	1.429292
300	-955.7017	-1068.899	113.1972	2.600441	2.914571	2.086019
306	-887.7941	-996.5473	108.7532	8.447304	2.161732	1.351252
312	-915.9791	-1031.329	115.35	2.835263	1.691862	0.5675682
318	-923.4208	-1037.325	113.9046	2.847257	2.536792	1.545861
324	-989.1691	-1105.12	115.9508	3.221815	0.5858728	0.3253949
330	-849.066	-962.7104	113.6444	4.284948	2.101171	0.5861478
336	-930.9795	-1045.87	114.8906	3.199745	1.536937	0.2414468
342	-881.1435	-995.4607	114.3173	3.823442	1.712524	0.6533474
348	-874.3923	-985.8314	111.4391	2.758868	1.843703	3.408475
354	-895.3448	-1008.737	113.3925	2.758868	1.687604	2.281599
360	-866.0317	-979.3899	113.3582	2.758868	1.687604	2.3035
366	-926.14	-1039.072	112.9323	2.017761	2.906197	2.62693
372	-1005.042	-1122.479	117.437	2.083327	0.3747213	0.7504339
378	-945.9872	-1059.837	113.8501	1.858608	4.448737	1.768836
384	-1003.395	-1119.137	115.742	1.520054	1.325694	1.716918
390	-965.619	-1079.083	113.4643	1.648111	1.462436	3.021145
396	-896.0334	-1008.558	112.5249	5.51573	1.423056	1.037509
402	-875.0811	-990.7063	115.6251	2.871954	1.280373	0.5339045
408	-877.8089	-992.7183	114.9095	2.871954	2.39837	0.5339045
414	-887.1731	-1002.715	115.5416	2.995042	1.169343	0.6900148
420	-932.418	-1046.112	113.6941	2.995042	5.018884	0.2888661
426	-858.6012	-972.472	113.8708	2.957096	2.024783	1.687393
432	-833.2934	-948.9724	115.679	2.597123	1.565037	0.5512088
438	-876.0188	-991.8086	115.7899	2.975286	0.9602819	0.6308106
444	-880.1146	-991.443	111.3284	2.25763	0.9602819	4.163965
450	-884.7491	-999.0085	114.2594	2.071084	1.409698	2.294574
456	-895.2044	-1009.513	114.3086	1.863449	1.409698	2.395255
462	-989.1398	-1105.155	116.0149	1.863449	1.500824	1.134015
468	-979.6273	-1093.089	113.462	4.078796	0.5531454	2.097808
474	-927.0492	-1040.441	113.3918	2.988954	0.8035068	2.621512
480	-916.5848	-1032.354	115.7691	2.370246	0.8126782	1.435841
486	-912.2457	-1026.039	113.7935	2.666072	4.388113	1.215033
492	-925.9134	-1039.11	113.1962	1.249454	3.052905	2.896671
498	-955.9492	-1070.773	114.8239	2.114537	2.771677	1.317606
504	-1020.443	-1136.771	116.3281	3.002497	0.4366291	0.8462807
510	-993.7055	-1110.889	117.1836	2.120071	0.535885	0.6217396
516	-883.9702	-999.4185	115.4483	1.993001	1.836514	1.31148
522	-867.7159	-982.6222	114.9062	2.847867	2.454824	0.5236583
528	-914.3285	-1029.327	114.999	2.847867	1.005729	1.500075
534	-954.577	-1069.383	114.8062	1.518838	1.005729	2.520442
540	-909.9256	-1024.237	114.3112	4.311917	1.129925	0.4436294
546	-915.4321	-1029.682	114.2498	3.507468	1.129925	1.478445
552	-907.6149	-1015.12	107.5054	9.329995	1.330783	2.005961
558	-958.734	-1072.268	113.5338	1.775099	2.370792	2.561197
564	-901.4758	-1015.33	113.8543	3.675198	1.629285	1.349942
570	-905.8421	-1017.664	111.822	4.970285	3.442823	1.208448
576	-1074.518	-1192.471	117.9529	1.826708	0.2987986	0.4959713
582	-881.1014	-996.0907	114.9893	1.826708	3.484933	1.174276
588	-879.0304	-994.7293	115.699	2.053355	1.613447	1.174276
594	-931.6419	-1042.882	111.2398	4.183272	4.8388	1.885418
600	-977.2136	-1090.963	113.7498	2.082611	4.8388	1.598092
606	-871.0192	-984.4346	113.4154	3.417272	3.262798	1.233481
612	-878.4677	-991.6782	113.2105	3.886168	3.376167	0.947304
618	-918.2992	-1031.134	112.8345	3.538285	4.815174	1.179474
624	-893.7053	-1006.73	113.0248	4.416507	2.864262	0.789245
630	-874.2851	-987.8242	113.5391	3.398679	2.864262	1.284572
636	-865.4053	-980.4935	115.0882	2.884304	1.891526	0.3138661
642	-877.2717	-988.7564	111.4848	4.251113	1.891526	2.46209
648	-897.9004	-1012.181	114.2811	3.380558	2.2366	0.2435255
654	-934.0893	-1047.103	113.0135	3.792884	4.279377	0.9194246
660	-906.4713	-1020.23	113.7584	3.679614	1.268805	1.62466
666	-1031.95	-1143.164	111.2142	4.85969	8.273165	0.5701054
672	-895.4763	-1009.061	113.5851	4.85969	1.290277	0.6679043
678	-896.9344	-1011.753	114.8181	3.487035	1.290277	0.8697804
684	-879.5137	-991.5519	112.0383	5.513376	2.783635	0.361148
690	-905.4589	-1018.837	113.3781	3.730563	2.205355	1.404592
696	-963.7994	-1077.244	113.4447	3.260466	5.402261	0.445353
702	-890.1407	-1002.747	112.6064	4.354773	1.654316	1.757394
708	-899.5185	-1012.518	113	4.354773	1.683804	1.456854
714	-924.9557	-1039.92	114.9648	2.704018	2.581264	0.3972485
720	-917.8333	-1032.703	114.8699	2.647051	2.581264	0.85854
726	-842.1205	-955.0463	112.9257	3.885017	1.847777	1.774396
732	-880.0912	-992.6843	112.5931	5.014156	1.847777	1.166347
738	-924.0705	-1039.783	115.7127	2.344821	1.411212	1.029929
744	-872.6244	-985.7078	113.0835	1.587618	1.411212	3.306333
750	-877.2888	-990.5376	113.2488	3.653933	1.882239	1.694781
756	-939.4756	-1055.515	116.0397	3.149498	0.5151229	0.8545919
762	-844.1428	-957.8669	113.7241	4.571957	1.317038	0.8545919
768	-853.0622	-968.0167	114.9545	2.559723	2.593818	0.8545919
774	-877.9804	-990.9332	112.9528	3.568699	5.466614	0.8545919
780	-832.4816	-947.8802	115.3985	1.874639	3.161579	0.843665
786	-861.3503	-975.8701	114.5198	2.248488	4.833029	0.7581269
792	-918.1807	-1031.087	112.9059	2.625954	0.9964677	3.010503
798	-934.5195	-1049.842	115.3228	1.655684	2.555106	1.366403
804	-904.6535	-1017.347	112.6934	4.668998	3.324758	0.5735018
810	-1000.939	-1115.045	114.1053	3.059149	0.4983786	2.396225
816	-901.09	-1016.399	115.3094	3.059149	1.123159	0.9600412
822	-888.513	-1003.652	115.1388	3.059149	1.675487	0.5601483
828	-910.1325	-1020.2	110.0673	1.450073	2.849459	4.640208
834	-881.1949	-993.5664	112.3715	2.93361	1.444459	2.913383
840	-860.8931	-973.9508	113.0577	2.953485	1.521968	2.443719
846	-907.6537	-1023.123	115.4698	2.781075	1.521968	0.6957885
852	-895.7492	-1010.196	114.4464	3.494927	1.737343	0.2362499
858	-949.8888	-1065.583	115.6939	2.750571	1.285425	0.3572949
864	-885.6259	-998.7897	113.1637	4.331872	2.659835	0.8391838
870	-893.1448	-1006.254	113.1089	3.489256	1.379145	2.137035
876	-930.2226	-1045.379	115.1564	2.342786	2.510339	0.9182032
882	-882.5205	-995.5206	113.0001	2.282798	2.945294	2.408654
888	-850.8813	-965.928	115.0467	2.373534	1.639032	1.430009
894	-867.0107	-981.5908	114.5801	3.232126	1.347044	1.290504
900	-874.6046	-986.4476	111.843	5.855099	2.447935	0.6946884
906	-880.0282	-995.2238	115.1956	1.902564	2.213386	1.409348
912	-1037.275	-1155.078	117.8031	1.599647	0.4895639	0.4705652
918	-908.6066	-1024.404	115.7973	2.545047	0.7278678	1.357954
924	-848.9601	-963.77	114.81	3.493141	1.075045	1.068804
930	-929.8233	-1043.817	113.9937	3.113998	4.030513	0.5724204
936	-954.7883	-1071.761	116.9723	2.496272	0.3862837	0.7913509
942	-916.9139	-1032.438	115.5243	1.71949	3.337305	0.7913509
948	-879.2152	-991.102	111.8868	5.828692	1.439613	1.310613
954	-964.3958	-1079.295	114.8992	1.753286	1.558623	2.012968
960	-879.4192	-993.7022	114.283	3.762576	1.840003	0.6794117
966	-874.221	-988.6468	114.4258	3.762576	1.661666	0.6219109
972	-870.7936	-983.6138	112.8202	4.930313	1.746833	1.095705
978	-909.6447	-1025.136	115.4913	2.500196	1.783599	0.8159088
984	-873.796	-987.2222	113.4262	4.394966	1.744306	0.1930232
990	-870.1426	-980.3017	110.1591	6.522739	2.606709	1.572655
996	-947.9693	-1062.344	114.3751	2.284716	5.081066	0.2809029
