Iteration	Posterior	Likelihood	Prior	rate_log_sd	rate_loss	tree_length
0	-306.7816	-421.9062	115.1246	1.420553	5.343691	0.8650127
6	-312.8992	-428.7382	115.8391	1.002116	4.511606	0.7898713
12	-325.7852	-439.9866	114.2014	1.002116	11.54105	1.048817
18	-317.9827	-433.0174	115.0347	0.5810133	2.542649	2.314268
24	-317.3299	-433.6192	116.2892	0.4290719	2.542649	1.568467
30	-349.2487	-465.2633	116.0146	0.189595	3.795456	1.568467
36	-360.0702	-474.4877	114.4175	0.7397565	8.249369	1.521437
42	-339.2052	-454.8113	115.6061	0.4052539	4.761278	1.482273
48	-342.5036	-458.2572	115.7537	0.5531397	5.548016	1.058346
54	-352.3778	-467.4587	115.0809	0.7859726	7.285734	1.09699
60	-323.1052	-439.1708	116.0656	0.659477	3.680796	1.190579
66	-301.2088	-417.3239	116.115	1.014131	3.652136	0.7862535
72	-297.6128	-414.4632	116.8504	0.4936323	2.155086	1.237293
78	-286.8963	-402.5686	115.6722	1.574795	3.601273	0.4054076
84	-305.9424	-423.4303	117.4879	1.220692	1.045289	0.5215825
90	-345.5748	-462.0275	116.4526	0.6233301	0.7697175	2.208316
96	-313.7093	-428.635	114.9257	0.8278749	3.067752	2.072115
102	-322.4257	-438.2482	115.8224	0.8380151	3.904718	1.178384
108	-338.333	-454.0133	115.6803	1.409245	3.904718	0.7117926
114	-311.2376	-428.0309	116.7933	0.2484799	1.443505	1.806395
120	-324.3398	-439.6963	115.3565	0.5253905	4.491984	1.636801
126	-330.8248	-446.5158	115.6911	1.317461	3.906318	0.8270708
132	-352.3376	-467.4519	115.1144	1.467424	4.355436	1.117003
138	-338.0165	-453.1652	115.1488	0.658429	3.030147	2.047078
144	-341.6855	-456.7412	115.0558	0.2464775	4.481889	2.03775
150	-323.5435	-439.0815	115.538	0.3626172	2.84662	2.03775
156	-345.2633	-460.0183	114.755	0.2893531	4.753439	2.153676
162	-317.4436	-433.7888	116.3452	0.5531558	1.907643	1.686834
168	-304.0381	-419.9602	115.9221	0.7757294	4.810115	0.8592634
174	-321.89	-437.8318	115.9418	1.074215	3.889349	0.8249247
180	-310.0571	-426.3607	116.3036	1.074215	2.699857	0.9516336
186	-307.0582	-422.6475	115.5892	1.940897	2.619643	0.8195943
192	-314.6305	-430.0417	115.4111	1.691091	3.999062	0.3952036
198	-331.5906	-447.4453	115.8547	1.717371	2.658708	0.7348195
204	-337.1836	-453.445	116.2614	1.086024	2.368089	1.136288
210	-346.6033	-462.4221	115.8189	0.1722146	2.546893	2.069708
216	-327.5397	-443.1957	115.656	0.9745028	2.652018	1.594525
222	-319.2504	-435.3652	116.1148	0.9374763	2.124135	1.482031
228	-327.7745	-444.0529	116.2783	0.8622738	2.686104	1.181713
234	-326.3394	-442.7259	116.3866	0.8430556	2.219754	1.302499
240	-345.5111	-461.5355	116.0245	1.147398	3.623486	0.7393655
246	-368.3996	-486.3015	117.9019	0.7640458	0.7338619	1.076017
252	-339.7201	-459.0138	119.2937	0.2340067	0.2449776	1.076017
258	-332.0763	-450.5151	118.4388	0.2308959	0.4851146	1.378044
264	-327.2138	-443.5585	116.3447	0.1140381	3.233045	1.536057
270	-322.2512	-439.8449	117.5937	0.1725418	0.6899575	1.815634
276	-317.8289	-433.3894	115.5605	0.2165395	1.449382	2.623062
282	-340.1112	-456.4234	116.3122	1.110049	3.195137	0.5283286
288	-322.4095	-438.2612	115.8517	1.110049	3.710728	0.958399
294	-356.133	-472.1306	115.9976	0.7257096	3.710728	1.182869
300	-353.7387	-468.5984	114.8597	0.397348	2.535818	2.54222
306	-346.9669	-462.7597	115.7928	0.3968561	1.487653	2.346851
312	-332.1403	-447.2683	115.1279	0.4315444	1.92093	2.561017
318	-321.0426	-437.6429	116.6004	0.7611393	1.92093	1.33385
324	-347.125	-462.3502	115.2252	0.5739115	9.529829	0.7028748
330	-351.6136	-467.0765	115.4629	1.822134	3.503655	0.6030132
336	-332.415	-448.5544	116.1394	1.842116	1.725451	0.2516693
342	-351.1498	-466.9794	115.8296	1.624878	3.115184	0.4700399
348	-337.9995	-453.4291	115.4296	1.446487	4.730448	0.4021551
354	-347.362	-463.829	116.467	1.087463	2.839978	0.6056128
360	-337.0793	-453.2038	116.1245	0.99533	2.913322	1.109549
366	-327.5638	-443.1575	115.5937	1.201273	4.252567	0.9410122
372	-327.4073	-443.3653	115.9581	0.8962514	4.252567	0.8748878
378	-335.2423	-451.1865	115.9441	0.9735427	3.189278	1.186145
384	-334.0429	-450.9349	116.892	0.9735427	0.9588049	1.521637
390	-337.7453	-452.3027	114.5574	0.3949586	1.914412	2.934663
396	-348.721	-462.3177	113.5967	0.2958644	2.843602	3.280495
402	-318.6809	-433.9352	115.2543	0.3787666	2.662549	2.266659
408	-328.9711	-442.8037	113.8326	0.7757387	4.099024	2.559599
414	-302.603	-419.4429	116.8399	1.455043	1.507471	0.6269626
420	-329.4442	-445.4736	116.0294	1.544693	2.65835	0.7318729
426	-313.2538	-428.5059	115.2521	0.6654899	2.024911	2.296657
432	-313.8345	-430.3396	116.5051	0.3958031	3.076469	1.239788
438	-314.1203	-429.7473	115.6271	0.4349931	5.370784	1.310788
444	-310.1327	-426.5229	116.3902	1.069913	2.282336	1.074128
450	-312.3852	-428.2151	115.8299	1.330746	3.616789	0.7598614
456	-309.3708	-425.9621	116.5913	0.457326	1.429008	1.809296
462	-299.7209	-415.7378	116.0169	1.445489	2.451426	0.9875923
468	-308.7012	-424.72	116.0188	0.8438484	4.570934	0.7323149
474	-317.7553	-433.258	115.5027	0.1712732	8.206091	1.108981
480	-325.6133	-440.7659	115.1526	0.3824369	4.501488	1.87735
486	-323.3748	-440.1509	116.7761	0.9877924	2.235299	0.7653107
492	-343.5709	-459.9095	116.3386	1.779048	1.64897	0.7653107
498	-340.3313	-456.031	115.6998	1.779048	2.615461	0.2474731
504	-358.9725	-476.8992	117.9267	1.07867	0.7167765	0.7073773
510	-349.1068	-465.4616	116.3548	0.9473115	1.542499	1.569449
516	-315.0593	-430.5163	115.457	1.178622	5.339927	0.7467954
522	-336.3462	-451.6955	115.3493	0.9833555	6.697122	0.7071299
528	-323.0404	-438.9003	115.8598	1.010134	3.07781	1.265074
534	-326.5815	-442.1029	115.5213	0.5311156	3.07781	1.868968
540	-343.4119	-459.2834	115.8714	1.027995	1.512564	1.868968
546	-342.1855	-457.9677	115.7822	0.5839237	1.680951	2.145769
552	-365.8213	-481.8644	116.0431	0.8145655	1.807094	1.759586
558	-341.8592	-456.2759	114.4167	0.2832286	1.694189	3.169459
564	-335.996	-450.8865	114.8905	0.1252932	1.694189	2.980829
570	-319.433	-435.0625	115.6296	0.0532895	4.904187	1.692093
576	-311.3404	-427.156	115.8156	0.04247372	5.434594	1.457384
582	-307.8502	-423.7807	115.9305	0.08432156	3.573555	1.760941
588	-318.3996	-433.8604	115.4607	0.1771544	5.085636	1.68785
594	-323.3474	-437.272	113.9246	0.3239153	5.085636	2.598235
600	-331.5632	-447.456	115.8928	1.08756	2.574012	1.357687
606	-321.1063	-436.219	115.1127	1.720915	4.954469	0.495457
612	-313.8908	-429.9716	116.0808	1.605173	2.379032	0.7688967
618	-319.3685	-434.9774	115.6089	1.315258	3.67508	1.009637
624	-352.4495	-469.0065	116.557	1.557003	1.337379	1.031457
630	-333.732	-449.7119	115.9799	1.59257	1.919807	1.158058
636	-338.6944	-454.1867	115.4923	0.829765	2.935875	1.723833
642	-348.0674	-463.9792	115.9119	1.582617	2.935875	0.6498896
648	-340.9353	-456.8831	115.9479	1.582617	2.935875	0.4725544
654	-348.8587	-465.6785	116.8198	1.864702	1.067366	0.5452463
660	-334.7051	-450.8811	116.176	1.864702	1.845141	0.6825938
666	-331.5744	-447.8127	116.2382	1.137912	1.831783	1.365878
672	-329.0425	-446.09	117.0474	1.137912	1.645778	0.653931
678	-331.2535	-447.6498	116.3964	1.137912	2.139017	1.077464
684	-346.0298	-462.5909	116.5611	1.340942	2.139017	0.6050758
690	-335.9943	-451.6277	115.6334	1.340942	4.356508	0.6493129
696	-331.8043	-446.6295	114.8252	1.719575	5.451889	0.271426
702	-317.8203	-433.2999	115.4796	1.415971	4.276749	0.8148516
708	-314.5299	-430.9348	116.4049	1.448424	2.263541	0.486318
714	-329.3943	-444.7207	115.3265	1.49043	2.439339	1.533306
720	-322.1068	-438.5447	116.4379	1.240336	2.439339	0.7349966
726	-321.5452	-437.1628	115.6176	1.418734	2.368303	1.393933
732	-300.0256	-415.3197	115.2941	0.2620649	5.048482	1.752729
738	-307.8002	-424.5051	116.7048	0.06370664	2.555843	1.526646
744	-312.4021	-427.6556	115.2534	0.8290612	5.654926	1.233352
750	-289.3898	-405.7888	116.399	0.7208175	3.124253	1.02563
756	-296.8688	-413.0025	116.1337	1.03029	1.488663	1.697269
762	-326.7007	-442.2873	115.5866	0.2437121	5.534764	1.458702
768	-286.8616	-404.1334	117.2717	0.4999715	1.560453	1.18977
774	-293.6312	-410.0433	116.412	0.3035218	3.710001	1.18977
780	-301.6732	-417.5875	115.9143	0.4455273	3.782677	1.455519
786	-277.7492	-394.119	116.3698	0.9378661	2.9773	0.8936504
792	-286.9294	-402.745	115.8156	1.799715	2.748251	0.5028872
798	-263.8947	-379.0287	115.134	2.149462	2.87551	0.214659
804	-268.3818	-382.3723	113.9906	2.353832	3.798967	0.09482207
810	-281.4372	-397.1688	115.7316	1.715068	3.134639	0.5300537
816	-304.203	-420.5653	116.3623	2.28811	1.105456	0.4681393
822	-316.747	-432.5604	115.8134	2.127485	2.018063	0.3588301
828	-324.8224	-439.7443	114.9219	2.127485	2.95741	0.1567623
834	-316.5103	-431.7951	115.2847	2.234638	2.287737	0.1982743
840	-323.937	-438.9784	115.0413	2.362347	2.747752	0.2409736
846	-319.98	-436.9206	116.9407	1.324098	1.058041	1.119063
852	-309.2955	-426.7631	117.4677	0.7913681	1.212714	0.9906085
858	-296.2714	-412.7715	116.5001	0.551963	2.342739	1.391951
864	-356.9117	-475.6188	118.7072	0.8670297	0.2264106	1.079607
870	-330.0728	-447.7237	117.6509	1.150344	0.7750496	0.8855819
876	-315.3984	-432.3514	116.9529	1.356911	1.171482	0.9756465
882	-305.4582	-421.8444	116.3862	0.8688954	2.733317	1.058562
888	-299.798	-415.9214	116.1234	0.7286101	2.185864	1.604871
894	-300.4236	-416.739	116.3155	0.4424044	3.761039	1.136709
900	-296.8672	-413.8186	116.9515	1.412346	1.430609	0.5952542
906	-293.8754	-411.2414	117.3661	1.206052	0.8653553	1.016912
912	-305.4665	-422.6232	117.1567	1.147791	1.405137	0.7506394
918	-310.1265	-424.7808	114.6543	2.074909	3.573749	0.1408804
924	-318.3973	-434.2202	115.8229	1.928111	1.741779	0.1723943
930	-322.051	-438.5319	116.4809	1.845568	1.239343	0.2431539
936	-318.2015	-434.7709	116.5694	1.772255	1.446734	0.3944554
942	-327.5294	-443.7018	116.1724	1.532479	2.477158	0.6532853
948	-307.9199	-424.4157	116.4958	1.532479	1.952612	0.518085
954	-320.0468	-435.7637	115.7169	1.423538	2.650393	1.196256
960	-322.8902	-439.7319	116.8418	1.052184	1.386232	1.196256
966	-335.9316	-451.9085	115.9769	1.044481	3.488432	0.9810562
972	-347.2951	-463.4484	116.1533	1.110261	1.727647	1.503756
978	-339.4209	-455.4548	116.0339	0.4303821	2.515554	1.759565
984	-327.8737	-441.7648	113.891	1.037409	2.515554	2.750914
990	-320.4086	-436.5092	116.1007	1.294946	2.985298	0.7798655
996	-316.3568	-431.7076	115.3509	1.294946	4.916761	0.8844486
