Iteration	Posterior	Likelihood	Prior	rate_log_sd	rate_loss	tree_length
0	-900.9428	-1014.542	113.599	2.728059	4.950861	1.185458
6	-894.8329	-1010.413	115.5803	2.130891	1.65449	1.185458
12	-849.222	-964.4309	115.2089	2.636416	2.193694	0.6673758
18	-859.6109	-974.7725	115.1616	2.371325	2.193694	1.05033
24	-884.7034	-997.1115	112.4081	3.402545	1.198044	2.727618
30	-908.7193	-1022.449	113.7293	2.469523	1.43263	2.36723
36	-929.203	-1042.914	113.7111	1.69484	2.814343	2.36723
42	-982.9331	-1097.661	114.7282	1.69484	0.2191852	3.210154
48	-963.1084	-1079.372	116.2637	1.703006	1.052421	1.37309
54	-878.2684	-988.7799	110.5116	6.950332	1.685593	1.37309
60	-867.6978	-980.892	113.1942	3.193516	1.70966	2.119103
66	-884.1994	-998.6767	114.4773	3.193516	1.40465	1.367623
72	-906.1775	-1021.354	115.1762	2.980867	1.708011	0.3948432
78	-895.3992	-1008.852	113.4524	4.164996	1.708011	1.234777
84	-906.738	-1019.283	112.5446	5.028487	2.613511	0.3045241
90	-906.7498	-1019.577	112.8272	4.476717	1.308618	1.697125
96	-897.8086	-1010.725	112.9166	5.016028	2.118698	0.5079138
102	-871.2487	-983.381	112.1323	5.104066	1.275773	1.763645
108	-847.0095	-961.7599	114.7504	3.065253	1.727926	1.046171
114	-862.459	-977.2761	114.8171	4.091102	0.8527273	0.4690473
120	-851.2629	-965.7346	114.4716	3.27889	1.517022	1.23442
126	-870.4613	-984.4325	113.9711	3.552848	2.833977	0.3546807
132	-892.8193	-1004.656	111.8363	3.044682	3.551873	2.508901
138	-885.5826	-1000.966	115.3829	2.580619	2.011998	0.6333366
144	-965.963	-1080.137	114.1741	1.634721	6.854096	1.227833
150	-886.9179	-995.184	108.2661	4.01389	1.520478	4.629328
156	-903.9959	-1014.923	110.9268	4.094062	1.057665	3.278633
162	-956.8604	-1069.131	112.2702	3.248261	4.236766	1.944736
168	-906.2969	-1019.936	113.6387	2.335768	4.074236	1.665915
174	-920.0555	-1035.54	115.4845	3.260605	0.9418382	0.7084697
180	-887.8763	-1002.177	114.3011	3.752954	1.909061	0.5242105
186	-891.2749	-1005.451	114.1761	3.262616	3.004212	0.7008695
192	-884.7741	-999.3248	114.5508	3.262616	2.285033	0.6301165
198	-888.3587	-1003.464	115.1057	3.111187	1.026947	1.187881
204	-851.1953	-966.1717	114.9764	2.488111	2.044481	1.187881
210	-870.7294	-983.8646	113.1352	4.063811	2.48981	1.212189
216	-882.0214	-996.7019	114.6806	4.063811	0.9941864	0.4170445
222	-841.1695	-956.2922	115.1227	2.734505	0.9941864	1.500963
228	-837.4826	-951.8878	114.4051	3.012591	3.153114	0.4001238
234	-874.3869	-987.0381	112.6512	4.635679	3.102873	0.8563389
240	-885.0717	-997.7196	112.6479	2.618042	1.652401	2.846848
246	-893.5961	-1006.583	112.9869	2.959715	3.302704	1.879106
252	-898.1932	-1013.29	115.0963	2.959715	0.9941995	1.347667
258	-861.1203	-974.5471	113.4268	4.209217	1.36624	1.418119
264	-883.5287	-996.4084	112.8797	4.002503	2.844386	1.336588
270	-852.3314	-967.1739	114.8426	3.070971	2.0534	0.3504144
276	-880.8316	-995.1578	114.3261	3.070971	2.804892	0.2502525
282	-821.1711	-935.8969	114.7257	3.509675	1.463733	0.7857878
288	-796.9126	-912.3761	115.4635	2.628239	1.665792	0.7857878
294	-864.6714	-979.3227	114.6513	1.668249	3.44516	1.577707
300	-819.2726	-933.2939	114.0212	3.637954	1.091554	1.577707
306	-849.1052	-959.7908	110.6856	1.583572	4.201555	3.926368
312	-903.4584	-1018.605	115.147	1.173437	1.479514	2.267239
318	-859.6234	-971.2937	111.6703	3.038325	5.327409	2.267239
324	-831.9423	-946.0817	114.1394	2.918978	1.725749	1.65485
330	-821.2736	-934.0758	112.8022	4.280171	2.118107	1.461803
336	-844.2089	-957.6013	113.3925	4.140364	1.759185	0.1283575
342	-813.5545	-926.8447	113.2902	3.902592	2.229756	1.327874
348	-848.9653	-964.3367	115.3714	1.895404	2.095482	1.327874
354	-836.21	-950.6027	114.3928	2.418713	2.128302	1.65706
360	-847.2827	-960.4484	113.1657	4.194068	1.236442	1.700136
366	-868.0464	-983.5578	115.5114	2.978703	1.236442	0.6675359
372	-834.3268	-948.4935	114.1667	1.952055	0.810221	2.777422
378	-825.1111	-937.1387	112.0276	3.247612	1.812039	2.777422
384	-891.1412	-1005.946	114.8045	1.813241	1.812039	1.922142
390	-923.409	-1035.31	111.901	2.740206	3.54574	2.65894
396	-860.0959	-975.5688	115.4729	2.60695	1.058644	1.277361
402	-847.8344	-962.0541	114.2197	3.421261	2.418266	0.2847053
408	-864.3964	-978.4333	114.0368	3.346697	2.936555	0.8237361
414	-928.7833	-1042.382	113.599	2.721482	6.703598	0.725039
420	-849.549	-962.3999	112.8509	1.540732	2.623081	3.04411
426	-880.1566	-993.3729	113.2163	4.116855	3.354743	0.6263708
432	-879.6455	-994.462	114.8165	3.075389	1.535542	1.098853
438	-869.2695	-981.5866	112.3171	5.030144	2.724059	0.2130607
444	-875.8481	-989.8352	113.9871	3.193538	2.703096	0.1609399
450	-859.8256	-974.1946	114.369	3.830889	1.682156	0.5125008
456	-867.0224	-980.2249	113.2025	1.80191	1.393378	3.117091
462	-894.4589	-1010.367	115.9082	2.190328	1.393378	1.003139
468	-941.5708	-1055.753	114.1823	1.202634	1.393378	2.888818
474	-894.4804	-1007.653	113.1727	2.846779	1.482131	2.456911
480	-882.6543	-996.7341	114.0799	3.378199	2.396708	1.019354
486	-891.6822	-1006.53	114.8482	2.609825	2.396708	1.019354
492	-924.2213	-1038.34	114.1185	3.48744	2.51789	0.2946962
498	-877.4312	-990.9185	113.4873	4.00087	2.51789	0.2302928
504	-876.5259	-989.87	113.3441	5.244659	1.137263	0.3797453
510	-873.3985	-986.7224	113.3239	5.086753	1.373492	0.5864983
516	-888.8688	-1003.167	114.298	3.351703	2.641724	0.4184633
522	-907.5942	-1021.907	114.3126	3.351703	2.122923	0.9583556
528	-926.1867	-1038.976	112.7894	1.814516	1.712367	3.219207
534	-897.1149	-1010.473	113.3576	4.657106	1.476391	1.023668
540	-887.0527	-1001.465	114.4127	3.296455	1.476391	1.29336
546	-890.7278	-1005.671	114.943	2.63517	1.660863	1.29336
552	-884.5489	-997.8418	113.2929	4.610721	2.026058	0.7306655
558	-885.4223	-998.2761	112.8537	4.610721	2.010055	1.205128
564	-915.5967	-1031.765	116.1679	2.758841	0.83107	0.5663843
570	-885.7407	-997.288	111.5472	2.149521	1.214516	3.964356
576	-980.4096	-1093.571	113.1614	0.9050126	1.290467	3.71503
582	-879.1049	-990.5383	111.4334	1.87503	2.499702	3.71503
588	-857.1303	-968.2151	111.0848	2.223612	2.499702	3.71503
594	-936.8694	-1051.453	114.5839	1.797537	3.737634	1.451221
600	-887.84	-999.2216	111.3817	1.859319	1.372314	4.150155
606	-911.0027	-1026.52	115.5169	1.859319	1.795181	1.384087
612	-884.2558	-997.7065	113.4507	4.79929	1.25958	0.9589246
618	-876.7106	-992.0744	115.3638	2.426447	2.296004	0.6679572
624	-833.56	-947.766	114.206	3.102198	2.296004	1.203244
630	-880.1058	-994.7241	114.6183	1.9302	3.081663	1.515239
636	-948.6395	-1064.492	115.8521	2.006478	2.080518	0.7517934
642	-890.8405	-1004.949	114.1081	3.676532	1.549689	1.185202
648	-892.1222	-1006.992	114.8701	2.820659	2.18186	0.8942017
654	-915.0536	-1029.914	114.86	3.214439	1.80164	0.6706095
660	-919.9032	-1034.274	114.3708	3.214439	1.673555	1.280596
666	-957.7727	-1071.883	114.1101	2.017751	4.540333	1.443718
672	-915.9895	-1031.567	115.5771	2.49904	0.858966	1.443718
678	-911.7476	-1026.688	114.9407	2.321677	3.243774	0.8155948
684	-939.3585	-1048.567	109.2088	8.08363	3.243774	0.2992978
690	-907.8927	-1019.616	111.7233	5.642502	1.8878	1.346511
696	-922.5157	-1036.784	114.2684	2.586377	0.8979209	2.256141
702	-887.5751	-1000.724	113.1494	4.841176	1.517102	1.017921
708	-940.7202	-1056.142	115.4218	2.383747	2.170492	0.7558776
714	-863.7904	-977.5995	113.8091	2.597948	0.9498694	2.504689
720	-848.1702	-963.5496	115.3794	2.233455	1.596138	1.301442
726	-850.9184	-966.0202	115.1019	2.571236	1.596138	1.251928
732	-912.0151	-1027.606	115.5909	2.965658	0.6393512	1.27984
738	-890.1458	-1003.831	113.6848	2.763997	2.402026	1.809603
744	-890.8798	-1003.406	112.5265	4.663675	1.327406	1.766324
750	-881.6156	-997.2348	115.6193	2.636245	1.385284	0.8377178
756	-869.4318	-984.4661	115.0343	2.403134	2.334363	1.069872
762	-873.0725	-987.6132	114.5407	3.216178	1.15508	1.461489
768	-849.8213	-963.5428	113.7215	3.857735	1.366547	1.461489
774	-807.3387	-922.9134	115.5747	1.781075	1.673264	1.461489
780	-818.0342	-934.078	116.0437	2.381001	0.9442069	1.076666
786	-815.5724	-929.872	114.2996	2.318774	2.041387	1.827143
792	-847.5379	-963.1877	115.6498	2.318774	1.920106	0.7273377
798	-806.7618	-921.6891	114.9272	2.771168	2.408815	0.7273377
804	-865.4184	-979.0754	113.6571	3.283797	2.564762	1.392255
810	-874.2522	-988.1741	113.9219	3.62317	1.799232	1.245649
816	-887.3611	-1002.071	114.7101	2.402337	1.799232	1.581248
822	-887.9742	-1002.672	114.6974	3.726821	1.367491	0.5493944
828	-954.2142	-1068.475	114.2604	1.359566	1.708858	2.606812
834	-903.8454	-1015.348	111.5029	3.559837	1.556683	3.009641
840	-873.885	-987.4174	113.5324	3.794401	2.077787	1.287468
846	-877.1067	-988.43	111.3233	4.4858	2.077787	2.346443
852	-875.4971	-988.3942	112.8972	4.4858	3.072481	0.3157941
858	-924.2873	-1038.397	114.1093	3.065791	3.751298	0.6515058
864	-918.5939	-1032.558	113.9641	3.372802	0.9899521	1.874293
870	-907.7604	-1023.231	115.4705	3.291721	0.9899521	0.5313153
876	-895.3179	-1010.217	114.8994	2.612836	1.356061	1.518142
882	-909.5881	-1024.061	114.4727	2.275469	3.469038	1.2374
888	-857.3247	-970.8022	113.4775	2.837185	2.990931	1.71241
894	-946.9832	-1059.302	112.319	2.293337	4.586334	2.461215
900	-895.4653	-1009.073	113.6082	3.32698	4.586334	0.5560561
906	-888.2636	-1000.984	112.7202	4.863215	1.271002	1.516666
912	-864.1135	-980.4408	116.3272	2.11931	0.9694606	1.031077
918	-895.7506	-1011.33	115.5789	2.640424	1.083069	1.138454
924	-931.5774	-1047.856	116.2791	1.353156	0.6729815	1.922531
930	-821.9036	-935.5627	113.6591	3.071662	2.384592	1.616707
936	-869.5969	-985.7872	116.1903	1.293416	1.894645	1.247107
942	-845.4357	-960.5302	115.0945	2.618797	1.547563	1.247107
948	-888.3585	-1000.971	112.6125	3.691368	2.858697	1.760284
954	-896.2145	-1008.628	112.4132	4.457064	2.858697	1.341047
960	-911.7518	-1026.618	114.8657	2.337297	2.702698	1.1197
966	-865.4124	-979.0157	113.6034	2.289548	1.797281	2.400335
972	-875.4945	-987.9386	112.4442	3.210696	2.202074	2.400335
978	-847.8062	-962.7169	114.9106	3.058521	2.051843	0.4722972
984	-853.7207	-966.4284	112.7077	4.980089	2.549574	0.6091064
990	-923.2719	-1034.767	111.4951	4.31062	4.689757	1.648841
996	-888.0739	-999.7522	111.6783	1.297931	4.74861	3.419662
