Iteration	Posterior	Likelihood	Prior	rate_log_sd	rate_loss	tree_length
0	-367.6384	-482.064	114.4255	0.7840352	2.74549	2.510276
6	-339.0417	-453.129	114.0872	0.8673193	1.672741	3.026219
12	-318.6146	-435.3617	116.7471	0.8673193	2.079173	1.033255
18	-295.2581	-411.3801	116.122	1.423317	2.814141	0.6556336
24	-321.9228	-438.314	116.3912	0.4923485	2.897302	1.31679
30	-329.1033	-445.5947	116.4914	1.045585	1.313732	1.524994
36	-347.7016	-464.6791	116.9775	1.467307	1.313732	0.6255167
42	-366.5368	-484.1876	117.6509	1.639737	0.5478749	0.4067946
48	-348.274	-465.0465	116.7725	1.555095	1.486221	0.430706
54	-340.5956	-457.4375	116.8419	1.555095	1.39801	0.5657378
60	-361.3286	-478.167	116.8384	1.555095	1.39801	0.5795114
66	-365.4549	-482.6436	117.1886	1.011301	1.550013	0.7459301
72	-369.1897	-485.2749	116.0852	0.8445038	1.464634	1.872468
78	-380.0423	-495.942	115.8997	1.087629	0.9902298	2.107612
84	-370.2705	-484.2378	113.9672	1.601902	2.648743	2.311666
90	-402.2409	-518.6913	116.4504	1.720345	1.646448	0.6821314
96	-419.3726	-535.5222	116.1496	1.720345	1.979537	0.81694
102	-404.1309	-519.7	115.5691	2.052966	2.504795	0.7702536
108	-375.6769	-492.0545	116.3775	1.58066	1.890373	0.7702536
114	-393.2354	-510.0651	116.8297	1.58066	1.316579	0.6923125
120	-392.2416	-508.1633	115.9217	1.495917	2.778928	0.8672441
126	-351.7981	-467.0905	115.2924	0.9270065	7.313226	0.6753416
132	-329.7323	-444.9569	115.2246	1.014277	3.426432	1.64141
138	-323.6767	-439.5228	115.8462	0.9302292	3.781771	1.113436
144	-338.3749	-451.8459	113.4709	0.1929719	4.596023	3.039515
150	-337.7513	-452.7241	114.9728	0.7255707	4.234289	1.822826
156	-360.899	-475.8497	114.9507	0.5769293	2.595829	2.353997
162	-341.2445	-457.2707	116.0263	0.8212813	2.423122	1.516568
168	-335.1705	-451.6125	116.442	1.283339	1.071607	1.542889
174	-335.896	-452.8426	116.9466	0.5413012	2.491986	0.9401618
180	-333.0365	-448.1817	115.1452	0.7496434	5.287566	1.459052
186	-358.2473	-473.4564	115.2091	0.4711778	8.725471	1.013974
192	-347.7099	-464.3577	116.6478	0.7100558	2.819701	0.9145287
198	-336.327	-453.132	116.8049	0.4979771	1.733102	1.471404
204	-326.2173	-441.3946	115.1773	0.57463	5.707814	1.484668
210	-365.3058	-479.9902	114.6844	0.4673194	6.880651	1.722885
216	-402.1153	-518.6574	116.5421	0.366731	2.069238	1.61096
222	-372.8267	-489.1624	116.3357	0.4590838	1.949387	1.742175
228	-372.5707	-487.0884	114.5178	0.5103715	5.535902	2.023237
234	-373.7683	-488.6442	114.8759	0.8673741	8.409284	1.007826
240	-351.1376	-467.0738	115.9362	1.233485	2.129526	1.389596
246	-367.3223	-483.7375	116.4152	1.340978	1.549884	1.209564
252	-368.4947	-483.9	115.4053	1.326295	2.824577	1.460726
258	-379.7719	-495.8853	116.1135	0.6629454	1.60883	1.906003
264	-359.5207	-474.8804	115.3597	0.5198861	5.766761	1.375205
270	-396.5846	-513.3825	116.7979	1.250676	1.865789	0.6400051
276	-378.6379	-494.8999	116.262	0.5740767	2.722236	1.416087
282	-364.0323	-477.7642	113.7319	0.5740767	2.722236	3.067659
288	-353.023	-468.8904	115.8673	0.5524987	3.536597	1.477592
294	-342.7549	-458.1864	115.4314	0.7037497	7.349359	0.7958984
300	-355.6021	-472.4877	116.8856	0.7527225	1.63138	1.260493
306	-346.318	-459.8907	113.5727	0.5062034	3.329354	3.049893
312	-396.4313	-512.3689	115.9376	0.1280532	2.789152	1.944723
318	-355.3341	-469.9853	114.6512	0.5343368	3.608109	2.303547
324	-378.6	-494.2114	115.6115	0.3528004	0.9166794	2.79916
330	-362.2215	-476.2745	114.0529	0.129626	2.672187	3.154989
336	-392.2232	-506.3007	114.0775	0.8345602	1.802048	3.000915
342	-362.2826	-477.7993	115.5167	1.199315	3.004619	1.412564
348	-338.375	-454.454	116.0791	0.5035639	3.706077	1.301988
354	-339.504	-455.9382	116.4341	1.246085	1.840576	1.105199
360	-340.0412	-456.9171	116.8759	1.219304	1.840576	0.5342915
366	-342.3779	-458.3839	116.006	1.408286	2.802368	0.8586606
372	-372.5272	-489.5333	117.0061	1.1277	1.623779	0.3035492
378	-356.8189	-471.9144	115.0955	2.389504	2.051207	0.1539034
384	-363.2887	-478.0591	114.7704	1.724863	5.140354	0.2102999
390	-341.55	-458.6462	117.0962	1.573072	1.064303	0.6123844
396	-359.4292	-476.2987	116.8695	1.326329	1.688492	0.4943635
402	-366.5837	-481.4141	114.8304	2.760864	2.725923	0.6425569
408	-331.5364	-448.0104	116.474	1.026215	2.033085	1.162528
414	-332.1578	-448.711	116.5532	0.9530797	1.828819	1.26232
420	-370.9454	-485.6191	114.6737	1.110588	3.285124	1.993179
426	-365.2588	-479.8228	114.564	1.408156	2.226929	2.188816
432	-377.7164	-493.8836	116.1673	0.9950037	2.233443	1.350632
438	-359.0163	-475.3813	116.365	0.9950037	1.888833	1.350632
444	-347.4027	-463.0886	115.6859	1.599557	2.088563	1.316042
450	-361.9626	-478.2254	116.2627	1.599557	2.088563	0.7392816
456	-357.3755	-472.4988	115.1233	0.7852447	8.959377	0.6786724
462	-366.6058	-481.9893	115.3835	0.9907843	2.160216	1.947554
468	-372.5803	-489.3193	116.7389	1.131556	1.069277	1.435246
474	-382.9358	-496.3868	113.451	1.466587	7.86487	1.7466
480	-370.8303	-485.5514	114.7211	0.5658504	7.497436	1.532737
486	-379.8408	-493.5522	113.7113	0.3336113	7.696603	2.34701
492	-352.2473	-467.8503	115.6031	0.9016697	3.37015	1.461099
498	-354.2943	-469.4645	115.1702	1.668368	4.925686	0.5413907
504	-375.8283	-493.0578	117.2295	1.735567	0.7368772	0.7316997
510	-412.6353	-527.5216	114.8863	1.300708	7.312787	0.7316997
516	-430.3394	-543.9842	113.6448	1.644751	2.185543	2.633898
522	-426.5532	-542.8272	116.274	1.156489	1.553846	1.467687
528	-441.9338	-557.1706	115.2367	0.7646783	4.249289	1.605377
534	-423.2969	-538.9375	115.6406	0.9168159	2.63724	1.65235
540	-386.1913	-500.7386	114.5473	0.7273506	2.63724	2.500957
546	-362.7192	-478.4085	115.6893	1.085377	3.059035	1.348587
552	-375.6735	-490.6085	114.9349	1.359358	6.991128	0.6600886
558	-340.9293	-457.0167	116.0874	1.042804	3.496311	0.8583213
564	-367.2765	-483.57	116.2935	0.9004732	3.806638	0.4970814
570	-366.6816	-480.5517	113.8701	2.395908	7.245215	0.412285
576	-327.9301	-442.3983	114.4682	1.236799	3.764883	1.92614
582	-335.9598	-451.9793	116.0195	1.092033	3.86076	0.7000674
588	-347.0367	-462.1657	115.129	0.4712069	7.049233	1.363843
594	-367.49	-483.22	115.7299	1.306945	4.26972	0.534391
600	-377.8911	-492.9133	115.0222	1.462195	6.323377	0.4879792
606	-396.9197	-511.2106	114.2909	1.890485	7.586648	0.3823105
612	-405.9089	-521.6667	115.7578	1.249041	3.560324	0.9684047
618	-412.8439	-526.773	113.929	1.901798	5.395158	1.485891
624	-391.6617	-507.8762	116.2145	1.517067	2.466815	0.5997972
630	-363.6231	-479.0872	115.4641	1.853913	3.296873	0.7027789
636	-389.9279	-507.2003	117.2724	1.272677	0.7477192	1.169403
642	-400.6643	-515.6313	114.9669	1.085808	3.018295	1.885793
648	-410.889	-526.8611	115.9721	1.085808	1.776645	1.631358
654	-421.3803	-534.6673	113.2869	0.3786727	1.680422	3.779196
660	-401.3246	-517.0401	115.7154	0.3454551	1.559754	2.39529
666	-398.0927	-514.5727	116.48	1.117225	1.37124	1.444913
672	-377.9088	-493.9206	116.0117	0.7420822	1.220622	2.12031
678	-402.5086	-519.0898	116.5812	0.7327818	1.121296	1.803376
684	-406.8451	-522.4104	115.5654	0.943042	1.81369	1.994854
690	-417.243	-533.899	116.656	0.8199051	1.50399	1.460615
696	-423.5821	-539.951	116.3689	1.543765	1.605425	1.032569
702	-420.2937	-536.4271	116.1334	1.852751	1.605425	0.9587452
708	-418.7478	-533.8583	115.1104	0.9837422	4.757176	1.419988
714	-424.0754	-537.8931	113.8177	1.513964	8.285089	1.383379
720	-439.0639	-555.7538	116.6899	1.513964	1.641426	0.6176178
726	-396.9928	-510.1794	113.1866	1.491565	4.52588	2.431386
732	-369.1337	-485.0535	115.9198	1.071375	3.687993	0.9358536
738	-378.2116	-495.1061	116.8945	1.755295	1.097968	0.5729343
744	-348.2974	-463.5617	115.2643	1.106952	2.77389	1.739635
750	-343.0922	-458.7895	115.6973	0.5966497	3.618841	1.548948
756	-359.4078	-476.1297	116.7218	1.157109	1.790796	0.9413711
762	-352.5651	-466.9774	114.4122	1.130798	3.17319	2.181347
768	-365.665	-481.3499	115.6849	1.130798	2.854907	1.385451
774	-365.9539	-482.2306	116.2767	1.474161	1.553888	1.211655
780	-363.9731	-478.9887	115.0156	1.474161	6.00558	0.7109433
786	-366.3126	-482.3273	116.0147	1.373233	1.489896	1.534426
792	-384.811	-499.9885	115.1774	1.231011	4.476469	1.235146
798	-362.4896	-478.5423	116.0527	1.013576	1.746572	1.639381
804	-345.5895	-461.6033	116.0138	0.3342986	3.156557	1.639381
810	-322.1831	-438.3039	116.1208	1.071819	2.007313	1.426005
816	-314.0434	-431.0708	117.0274	0.8819634	1.174112	1.329442
822	-304.9319	-421.8124	116.8805	1.37081	1.302398	0.9195119
828	-319.3085	-435.5432	116.2347	0.9917293	2.797958	1.057922
834	-347.5205	-463.2101	115.6896	0.6367765	2.924567	1.724251
840	-355.7959	-470.3922	114.5963	0.9638538	4.54736	1.850636
846	-362.0138	-478.7522	116.7384	1.858303	0.8333679	1.028261
852	-396.7692	-513.816	117.0468	1.466068	1.006768	0.9246183
858	-416.2401	-532.2884	116.0484	1.554518	2.646457	0.6929585
864	-442.9264	-559.0323	116.1059	0.9956655	2.718898	1.202268
870	-416.1757	-531.5442	115.3685	1.586577	2.718898	1.323577
876	-380.0644	-496.0323	115.9679	1.538421	2.718898	0.7898199
882	-388.3348	-504.0267	115.6919	1.538421	3.66177	0.5924024
888	-385.2234	-501.4279	116.2045	1.524657	1.947754	0.9957562
894	-392.0785	-506.0624	113.9839	3.627315	2.755016	0.5236435
900	-372.9128	-487.9303	115.0175	1.787344	5.02428	0.4352004
906	-397.9969	-513.7699	115.7731	1.787344	2.832199	0.5982728
912	-386.1404	-503.3519	117.2115	1.304085	1.25351	0.5575835
918	-421.6115	-536.7623	115.1508	1.041445	5.483406	1.177155
924	-392.9493	-508.822	115.8726	1.041445	3.270701	1.160875
930	-378.1492	-493.3649	115.2157	1.962353	3.270701	0.2393047
936	-378.4648	-493.9589	115.4942	2.145367	2.694732	0.5136339
942	-424.5415	-540.0216	115.4801	2.159551	2.694732	0.5117906
948	-372.0246	-487.5933	115.5687	1.550125	4.025796	0.503918
954	-374.9492	-489.1643	114.2151	0.9069992	3.733295	2.315174
960	-347.9124	-462.0316	114.1192	0.3742944	5.337084	2.402477
966	-386.8998	-500.3942	113.4944	0.3129269	31.46495	0.5780335
972	-388.5909	-503.2723	114.6814	0.4097202	14.68041	0.7181471
978	-382.2493	-495.5424	113.2931	0.3170297	14.68041	1.960924
984	-351.8683	-466.7768	114.9086	1.062468	2.949168	1.960924
990	-361.4556	-476.6339	115.1783	0.9780222	7.684164	0.6524929
996	-357.6772	-472.7556	115.0784	1.020813	2.072758	2.161854
