Iteration	Posterior	Likelihood	Prior	rate_log_sd	rate_loss	tree_length
0	-1460.322	-1573.748	113.4261	0.2607392	33.75361	0.5086694
6	-1120.229	-1238.026	117.7977	1.672871	0.1927721	1.256034
12	-979.0779	-1094	114.9224	1.672871	1.695314	1.988231
18	-1607.476	-1724.92	117.4434	0.2619411	1.695314	1.16665
24	-1254.948	-1366.625	111.6778	0.123157	65.72235	1.245195
30	-1144.024	-1259.636	115.6126	0.9434245	3.980874	1.245195
36	-1018.383	-1133.631	115.2473	1.703304	3.980874	0.8667565
42	-1195.755	-1314.472	118.7163	0.8009131	0.3986809	0.6765835
48	-1518.953	-1636.599	117.6456	0.06827295	2.435955	0.6765835
54	-1286.987	-1406.045	119.0579	0.3645726	0.04426077	1.740941
60	-908.4733	-1023.297	114.8239	2.755798	2.183897	1.01005
66	-1001.465	-1115.392	113.927	2.574058	5.587891	0.841336
72	-1277.536	-1396.278	118.7427	0.06769718	0.2974802	1.552773
78	-1269.923	-1389.088	119.1652	1.409569	0.03749111	0.2967748
84	-1373.612	-1485.817	112.2053	0.03608122	66.15338	0.7921302
90	-1580.969	-1697.908	116.9387	0.2860418	3.384858	0.7921302
96	-1006.286	-1122.439	116.1528	2.108525	1.210532	0.9901849
102	-1136.475	-1248.172	111.6963	3.274363	16.39815	0.5670061
108	-1705.157	-1824.306	119.149	0.1408215	0.5532356	0.4253966
114	-1069.83	-1188.992	119.1617	1.244616	0.076492	0.746644
120	-1073.043	-1190.164	117.1205	1.244616	1.169663	0.918775
126	-1167.532	-1285.821	118.2896	0.3609454	0.1274323	2.012968
132	-1302.525	-1421.082	118.5568	0.09391174	0.0556065	2.2199
138	-1253.113	-1372.847	119.7342	0.20328	0.08524005	1.196984
144	-1321.77	-1439.248	117.4775	0.5647906	1.204899	1.196984
150	-1182.231	-1295.216	112.9852	0.7919721	28.54982	0.9098432
156	-1540.505	-1654.628	114.1227	0.4398758	17.09675	0.1907496
162	-1161.075	-1276.177	115.102	3.546096	0.06915447	2.17859
168	-1202.377	-1317.715	115.3377	3.537479	0.002448148	1.836965
174	-1088.663	-1200.853	112.1897	1.193088	39.46557	0.5626334
180	-1113.923	-1223.395	109.4725	4.561474	27.51616	0.6370648
186	-965.9541	-1079.538	113.5839	2.571523	7.662132	0.6634756
192	-1225.326	-1341.806	116.4799	0.91793	2.633145	0.963375
198	-1151.484	-1267.525	116.0418	1.091395	3.341974	0.9222472
204	-1194.472	-1313.468	118.9959	0.4848084	0.1210381	1.444106
210	-1089.971	-1207.749	117.778	1.229395	0.2757037	1.444106
216	-1036.548	-1152.675	116.1276	1.229395	0.5343859	2.236316
222	-1623.337	-1742.452	119.1152	0.1897079	0.5513724	0.4896425
228	-1139.897	-1257.547	117.6499	2.23891	0.2381542	0.367766
234	-1039.582	-1155.757	116.1746	2.899536	0.2381542	1.466843
240	-1466.429	-1582.924	116.4949	1.669553	1.212377	0.1770195
246	-952.6498	-1067.319	114.669	1.670059	0.4865521	2.917145
252	-1240.013	-1358.117	118.1042	1.301863	0.4865521	0.4593826
258	-1211.479	-1327.656	116.1772	2.481613	0.01621488	2.312421
264	-1014.106	-1128.008	113.9022	1.389918	6.594567	1.667811
270	-1203.42	-1320.045	116.6253	2.481698	0.01921704	2.021978
276	-1511.512	-1628.68	117.1682	0.3081701	3.063358	0.5281115
282	-1570.779	-1689.774	118.995	0.01066662	0.6554508	0.8240562
288	-1591.971	-1711.027	119.0559	0.1572083	0.6020645	0.5952117
294	-1451.061	-1571.209	120.1481	0.1388833	0.1061559	0.7293702
300	-1298.51	-1417.988	119.4782	0.6613583	0.1445111	0.7293702
306	-1286.395	-1403.502	117.1073	0.205525	1.602361	1.530296
312	-1159.586	-1273.584	113.9975	0.6409446	11.39804	1.530296
318	-1397.171	-1508.524	111.3527	0.3651485	89.93279	0.5614601
324	-1348.875	-1459.11	110.2346	1.20284	94.39885	0.2545915
330	-1182.563	-1300.87	118.3066	1.397916	0.3290959	0.5595837
336	-1763.476	-1882.429	118.9527	0.3188251	0.4584484	0.2534045
342	-1515.497	-1635.473	119.9759	0.2886495	0.02405496	1.161583
348	-1752.607	-1870.238	117.6306	0.1238871	2.455316	0.4856217
354	-1311.157	-1428.966	117.8093	0.3728055	1.033985	1.211816
360	-999.5932	-1115.99	116.3967	2.601938	0.7725022	0.4507215
366	-1197.896	-1314.568	116.6719	0.4994273	0.1698358	2.851922
372	-1398.301	-1511.535	113.2338	0.57555	30.51747	0.7039316
378	-1423.185	-1542.621	119.436	0.57555	0.1684216	0.7961763
384	-1692.235	-1811.318	119.0833	0.2112579	0.479419	0.7961763
390	-1233.735	-1348.938	115.2036	1.837951	3.963811	0.309867
396	-896.2011	-1010.329	114.1274	3.645254	1.55855	1.190093
402	-1272.661	-1392.889	120.2275	0.1306058	0.07351967	0.8316956
408	-1502.472	-1618.452	115.9795	0.07811234	7.597727	0.8316956
414	-1285.326	-1398.655	113.3286	0.6476188	25.56108	0.9128434
420	-1243.493	-1363.078	119.5848	0.6476188	0.02576895	1.184981
426	-1497.961	-1613.644	115.6831	0.482088	7.362666	0.7495905
432	-1161.456	-1279.155	117.6991	2.622897	0.1102213	0.6313383
438	-1233.677	-1349.057	115.3797	0.5264966	3.017549	1.984771
444	-1253.528	-1369.498	115.9693	1.723637	2.282737	0.2733512
450	-914.8993	-1028.461	113.5613	2.874047	5.099413	1.049735
456	-1075.62	-1193.783	118.1631	1.8964	0.1858713	0.6160039
462	-1062.179	-1179.222	117.0435	2.526114	0.3950146	0.4495672
468	-1184.927	-1304.568	119.6402	0.8058315	0.06240227	0.7867477
474	-1338.659	-1454.639	115.9802	0.07391334	1.809643	2.292878
480	-1247.731	-1367.647	119.9157	0.472271	0.05362217	0.9108021
486	-1119.967	-1234.893	114.9255	0.472271	0.9756714	3.103219
492	-1253.844	-1371.438	117.5943	0.8919124	0.9756714	0.9854327
498	-1342.495	-1460.624	118.1287	0.4421729	0.769055	1.123261
504	-981.1946	-1097.542	116.3469	2.806526	0.6559858	0.500449
510	-1500.348	-1619.539	119.1916	0.5080594	0.3241297	0.6134204
516	-1555.197	-1674.953	119.7562	0.5080594	0.08927198	0.258796
522	-1782.054	-1901.138	119.0838	0.5080594	0.2607668	0.2125761
528	-1127.952	-1246.662	118.7098	0.9848804	0.2612756	0.8584554
534	-1320.689	-1436.218	115.5289	0.3670309	7.197496	1.086977
540	-1223.99	-1342.987	118.9966	0.3670309	0.3003701	1.100689
546	-1003.1	-1116.284	113.1843	0.5487415	1.946935	3.64255
552	-1310.728	-1426.513	115.7848	0.2374454	7.159038	0.971843
558	-888.0083	-998.3711	110.3628	6.106948	3.014191	1.594129
564	-1290.35	-1409.402	119.0517	0.4297303	0.2714643	1.055714
570	-920.4007	-1033.59	113.1898	1.365136	1.150749	3.501254
576	-1133.198	-1253.073	119.8751	0.5738609	0.05091364	0.8560969
582	-956.0299	-1072.448	116.4177	2.305278	0.4114986	1.438673
588	-1210.881	-1328.824	117.9432	1.412799	0.4919116	0.6644606
594	-1345.565	-1465.405	119.8397	0.5196652	0.02151167	1.081486
600	-1107.652	-1221.988	114.3359	1.078964	10.10269	1.04967
606	-1149.621	-1269.017	119.3954	1.000894	0.09272302	0.6300847
612	-1195.952	-1316.107	120.1547	0.4568592	0.04009873	0.7038561
618	-979.0391	-1096.248	117.2094	1.738069	0.6053743	0.9697182
624	-928.6906	-1042.203	113.512	3.268646	4.842392	0.3211512
630	-1011.574	-1121.751	110.1775	2.507073	16.64546	2.423619
636	-925.1845	-1041.114	115.9298	2.962067	0.8523134	0.4091178
642	-1295.499	-1411.166	115.6672	0.1575786	6.259319	1.324428
648	-1149.29	-1262.056	112.7666	0.8958907	21.05795	1.486556
654	-1116.429	-1233.392	116.9626	0.8677086	0.6678582	1.791673
660	-890.5143	-1004.921	114.4064	2.841372	3.290702	0.8103094
666	-1187.9	-1307.36	119.4597	1.175924	0.04628049	0.5781176
672	-1348.16	-1458.76	110.5999	0.925002	98.2472	0.5781176
678	-1196.555	-1316.429	119.8743	0.09470985	0.1393406	0.9627879
684	-1495.28	-1613.802	118.5218	0.6173106	0.656232	0.5885076
690	-1240.05	-1357.904	117.8539	0.6173106	0.656232	1.33015
696	-1064.243	-1181.221	116.9782	1.024966	0.5527673	1.786617
702	-1205.875	-1324.747	118.8724	1.712395	0.03240615	0.2873817
708	-1035.843	-1148.165	112.3219	1.336424	7.778873	2.579528
714	-1172.738	-1289.092	116.3537	1.336424	2.422913	0.729205
720	-1199.676	-1314.583	114.9067	0.7822306	8.67018	1.015104
726	-998.5833	-1113.78	115.1969	1.677952	2.654393	1.410459
732	-1540.257	-1658.241	117.9846	0.7332689	0.9868878	0.3589296
738	-1148.86	-1266.534	117.6739	1.655123	0.03031217	1.851135
744	-1103.585	-1215.727	112.142	1.655123	9.346732	2.315013
750	-939.0982	-1054.513	115.4151	2.81453	0.8547187	1.327287
756	-1570.579	-1689.719	119.1401	0.3013998	0.466393	0.5369388
762	-1302.2	-1416.793	114.5931	2.16059	2.913208	0.102703
768	-911.2142	-1025.112	113.8981	2.16059	2.913208	1.912342
774	-935.4	-1051.647	116.2472	1.798513	0.4192154	1.912342
780	-1183.606	-1300.299	116.6932	0.3642663	1.231195	1.912342
786	-1285.509	-1405.873	120.3641	0.3048428	0.01149555	0.3484259
792	-1133.18	-1246.742	113.5617	1.529705	14.953	0.6617032
798	-1205.181	-1322.716	117.5346	1.529705	0.02270807	2.046698
804	-964.2968	-1081.186	116.8894	1.529705	0.4986495	1.551225
810	-1462.009	-1578.941	116.9319	0.4672453	2.603701	0.9764174
816	-1225.336	-1345.144	119.8075	0.652184	0.06943417	0.3330786
822	-1228.838	-1341.083	112.2459	0.9621883	27.15054	1.485551
828	-1301.306	-1420.274	118.9678	0.4683256	0.3726903	0.866545
834	-1007.243	-1124.382	117.1392	1.702241	0.7554446	0.866545
840	-977.5098	-1092.816	115.3058	1.177629	3.601056	1.41072
846	-935.86	-1051.502	115.6424	1.347972	1.44204	1.842579
852	-1239.971	-1358.157	118.186	1.422369	0.3264469	0.3017766
858	-1426.89	-1544.54	117.6494	0.5530675	1.622692	0.6511991
864	-1107.352	-1225.564	118.2119	1.278186	0.2905512	1.00214
870	-1087.09	-1201.351	114.261	1.278186	11.17498	0.7161305
876	-1227.098	-1346.633	119.5343	0.4107629	0.07818433	1.218067
882	-1202.052	-1320.644	118.592	1.196479	0.2925781	0.4479799
888	-1019.782	-1136.881	117.099	2.06408	0.3190541	1.238705
894	-1060.521	-1177.694	117.1735	1.633375	0.5685967	1.154246
900	-907.5209	-1022.123	114.6025	3.199561	1.575003	1.154246
906	-1275.169	-1394.367	119.1982	0.5525027	0.03842086	1.524926
912	-1194.933	-1309.556	114.6226	0.4833035	8.504472	1.524926
918	-2234.26	-2346.824	112.5636	1.078229	8.504472	0.01729339
924	-1550.126	-1661.432	111.3055	1.078229	37.55975	0.07041859
930	-1509.181	-1626.994	117.8125	0.5186325	1.298671	0.2718348
936	-1202.818	-1321.876	119.0572	0.3135821	0.2395594	1.227584
942	-1291.619	-1409.311	117.6923	0.3904254	1.00176	1.320297
948	-1279.5	-1396.335	116.835	0.2690138	1.645013	1.660953
954	-1265.288	-1375.945	110.6565	0.640497	81.64574	1.289892
960	-1122.866	-1239.6	116.7335	0.7026277	1.70027	1.385626
966	-2049.4	-2165.459	116.0592	0.6540297	2.729061	0.08825837
972	-1244.196	-1356.247	112.0517	1.225975	41.11317	0.3812033
978	-1364.499	-1480.828	116.3291	0.547789	4.571526	0.7086883
984	-1891.568	-2006.359	114.7912	0.7115969	7.325065	0.1058523
990	-1794.658	-1912.476	117.8185	0.7115969	0.9375814	0.2098447
996	-1267.547	-1384.266	116.7183	0.6330539	1.636064	1.483983
