Iteration	Posterior	Likelihood	Prior	rate_log_sd	rate_loss	tree_length
0	-881.4554	-994.8016	113.3462	2.930003	1.812635	2.148368
6	-1221.61	-1340.205	118.5949	1.546213	0.1387353	0.3080638
12	-1004.723	-1118.115	113.3911	2.869841	6.316024	0.9146541
18	-895.3319	-1009.818	114.4862	2.869841	1.824761	1.385129
24	-876.0917	-989.5912	113.4996	4.562714	1.824761	0.665605
30	-959.8816	-1076.225	116.3439	1.724981	1.043442	1.298358
36	-978.7368	-1095.742	117.0049	1.741928	0.8915231	0.7870725
42	-1260.464	-1378.44	117.976	0.7814931	0.8915231	0.7721222
48	-1040.699	-1156.933	116.2347	1.491846	2.372878	0.7111672
54	-1070.472	-1186.978	116.5057	0.7954796	1.351081	1.674703
60	-1092.895	-1209.294	116.3998	2.228483	0.1452956	1.983958
66	-965.2752	-1081.631	116.3562	1.837916	1.214246	1.052915
72	-1300.459	-1419.521	119.0618	1.202607	0.05049008	1.052915
78	-1020.241	-1136.715	116.474	1.571108	1.108838	1.26708
84	-983.2905	-1100.773	117.4824	1.571108	0.3539474	1.26708
90	-955.7302	-1070.028	114.298	0.8187018	4.03092	2.252933
96	-1102.635	-1216.689	114.0544	0.5571289	15.67927	1.128768
102	-1116.71	-1228.537	111.8267	1.961014	29.60811	0.8176561
108	-1043.314	-1159.112	115.7978	2.885035	0.1767849	1.875339
114	-1036.771	-1152.45	115.6792	2.224192	0.1647066	2.41025
120	-1154.934	-1273.543	118.6094	1.05651	0.1647066	1.165848
126	-948.4144	-1062.758	114.3435	4.301527	0.6837004	0.1572764
132	-1218.758	-1332.423	113.6653	3.349099	0.9011997	0.03100964
138	-1057.57	-1172.748	115.1787	1.988194	3.697816	0.7036101
144	-1320.404	-1440.1	119.6959	0.5539414	0.109392	0.7653985
150	-946.6016	-1058.773	112.1715	3.680746	4.985904	1.552874
156	-1310.073	-1428.004	117.9312	1.245312	0.6301621	0.4246961
162	-967.0319	-1082.318	115.2859	1.524884	1.272746	2.053853
168	-1283.823	-1402.593	118.7695	0.46273	0.2694367	1.278566
174	-1182.88	-1294.722	111.8417	1.39926	30.78157	1.278566
180	-913.8211	-1029.929	116.1077	2.125056	0.9065301	1.278566
186	-1001.238	-1115.044	113.8065	2.125056	6.090163	1.269986
192	-937.9879	-1050.256	112.2677	4.129024	6.090163	0.8166243
198	-881.4264	-995.4411	114.0147	4.129024	1.73437	0.6118212
204	-937.4302	-1050.126	112.6957	3.530112	5.052083	1.247263
210	-951.8651	-1067.282	115.4171	3.637	0.6319686	0.284737
216	-949.0158	-1065.711	116.695	2.319901	0.5796027	0.9386083
222	-917.6765	-1034.221	116.5444	2.244822	0.6877877	1.014635
228	-1060.298	-1177.66	117.3612	1.111922	0.1889232	1.990984
234	-878.1867	-994.1366	115.9499	2.114908	1.119407	1.24257
240	-928.3895	-1040.706	112.317	3.811854	4.602478	1.42856
246	-870.8202	-985.0396	114.2194	3.811854	1.78259	0.7623936
252	-895.3614	-1008.247	112.886	3.811854	1.78259	1.880544
258	-920.3334	-1034.707	114.3733	4.42088	0.9169337	0.3637331
264	-961.1197	-1076.97	115.8501	2.815636	1.046353	0.3676225
270	-1534.242	-1653.018	118.7758	0.9912701	0.1354157	0.1537729
276	-1103.241	-1218.051	114.8102	1.800593	5.766874	0.4415628
282	-897.8904	-1011.572	113.6813	2.996834	1.432706	2.057376
288	-935.6397	-1051.66	116.0205	2.763316	0.4814644	1.291792
294	-937.6393	-1053.457	115.8179	2.310568	1.491336	0.8929392
300	-1213.639	-1324.759	111.12	2.310568	38.62344	0.5203006
306	-903.0527	-1017.971	114.9186	2.352475	2.640314	1.084046
312	-1029.51	-1144.863	115.353	2.352475	2.555527	0.5116791
318	-961.7637	-1077.727	115.9632	2.591138	0.9222244	0.9726351
324	-961.9865	-1078.048	116.0617	2.064784	1.587198	0.811748
330	-1513.061	-1631.361	118.2998	0.7251243	0.7300032	0.3848094
336	-1082.527	-1199.728	117.2012	1.593815	0.8445979	0.7923735
342	-889.7028	-1004.326	114.6227	2.901721	1.599879	1.37008
348	-1278.458	-1395.454	116.9958	0.5285334	1.599879	1.37008
354	-1163.542	-1274.725	111.1827	2.887228	27.00993	0.3875948
360	-1181.745	-1295.956	114.2108	1.113091	13.33327	0.5246643
366	-1155.943	-1274.294	118.3504	1.010624	0.1316025	1.504149
372	-963.8599	-1079.146	115.2865	2.953417	1.605655	0.5835365
378	-1424.483	-1537.261	112.7784	0.2234274	47.07674	0.6671769
384	-1196.873	-1310.52	113.6465	0.4107872	0.7134363	4.05687
390	-987.6673	-1102.499	114.832	0.9397243	2.907123	2.105185
396	-1158.259	-1276.941	118.6821	1.40702	0.0333249	1.280147
402	-931.8822	-1045.75	113.868	2.23629	6.527875	1.026536
408	-1155.442	-1269.322	113.88	0.3106575	7.327516	2.301282
414	-1079.248	-1194.392	115.1435	0.6277361	0.6630671	3.098271
420	-1086.596	-1202.361	115.7656	1.097858	1.172977	2.075657
426	-1230.218	-1347.036	116.8179	1.324901	1.686174	0.6840912
432	-881.0811	-995.4177	114.3366	2.536403	1.686174	1.803722
438	-940.2843	-1055.538	115.2539	2.421485	2.522658	0.668038
444	-1234.353	-1348.652	114.2987	0.7512423	12.74284	1.041843
450	-1224.021	-1335.132	111.1105	2.395322	33.36482	0.8894851
456	-1137.23	-1254.943	117.7128	2.396251	0.1200952	0.8894851
462	-1189.786	-1302.615	112.8287	0.6321036	15.82453	1.976399
468	-981.0866	-1096.769	115.6826	3.209443	0.8218798	0.6815794
474	-1223.316	-1341.948	118.6324	1.240308	0.259621	0.536974
480	-1122.697	-1236.31	113.6135	0.3835884	4.71075	2.818007
486	-1075.005	-1186.96	111.955	2.586046	15.86153	1.173801
492	-1045.497	-1161.065	115.568	0.8254429	0.9586936	2.507478
498	-929.9483	-1043.052	113.1039	5.590215	0.9586936	0.7609166
504	-975.4199	-1090.27	114.8506	2.978403	0.6687084	1.791788
510	-1262.627	-1379.092	116.4645	0.535798	0.6687084	2.339504
516	-1025.97	-1136.522	110.5526	0.5022378	1.584484	5.285253
522	-993.6329	-1107.019	113.3858	3.597453	0.5469034	2.461286
528	-999.2527	-1115.135	115.8827	1.100581	0.5469034	2.461286
534	-986.201	-1102.9	116.699	1.89439	1.165806	0.5479155
540	-898.5387	-1012.283	113.7446	4.774068	1.165806	0.7259151
546	-972.5961	-1087.641	115.0448	3.94045	0.4911448	1.104679
552	-1225.912	-1344.782	118.8705	0.6821336	0.2243806	1.104679
558	-1168.082	-1282.54	114.4585	1.478062	9.0407	0.5734923
564	-1102.678	-1215.155	112.4767	1.355291	8.537667	2.381855
570	-1188.476	-1302.952	114.4758	0.7246377	9.658618	1.298683
576	-1026.757	-1142.069	115.3111	4.197326	0.4302759	0.4973015
582	-964.0622	-1079.924	115.862	2.774635	0.8413889	0.9793291
588	-1088.216	-1202.264	114.0479	0.6767389	7.730853	1.897493
594	-906.4478	-1019.985	113.5374	2.514443	1.259714	2.546215
600	-924.8778	-1040.445	115.5668	1.951249	1.451295	1.45832
606	-983.77	-1098.878	115.1081	1.577295	4.184198	1.071947
612	-880.036	-994.3846	114.3486	3.437831	1.863588	0.9898028
618	-899.3428	-1014.781	115.4377	2.68799	1.638687	0.76392
624	-1046.979	-1163.174	116.1949	2.68799	0.7104671	0.2474101
630	-1019.054	-1132.864	113.8105	2.744543	5.466941	0.8125728
636	-1191.695	-1309.878	118.1828	1.646506	0.07041971	1.343089
642	-940.4542	-1054.796	114.3416	1.933606	3.401813	1.621958
648	-958.3992	-1073.542	115.1431	3.83455	0.7109016	0.7626453
654	-914.357	-1027.517	113.1603	3.624174	1.105023	2.167603
660	-859.3096	-972.1369	112.8273	4.632638	1.534111	1.456076
666	-921.6199	-1033.958	112.338	1.238861	2.463588	3.569831
672	-953.3569	-1066.366	113.0092	1.99899	5.444725	2.052148
678	-1254.307	-1372.848	118.5405	2.074639	0.03384134	0.7459175
684	-941.4318	-1054.88	113.4483	5.286327	0.9295543	0.7459175
690	-1276.751	-1394.201	117.4494	1.002208	0.8461127	1.149081
696	-1235.453	-1351.147	115.6941	1.002208	3.897727	1.149081
702	-1054.885	-1169.888	115.0033	1.002208	3.605796	1.759213
708	-928.6622	-1040.605	111.9427	4.434279	6.287447	0.2962247
714	-1510.677	-1627.484	116.8075	0.6138908	3.18677	0.4481952
720	-1316.217	-1428.438	112.2209	0.5386131	50.13256	0.2653102
726	-1041.366	-1158.356	116.9899	3.211734	0.1498158	0.5117331
732	-1035.021	-1144.746	109.7247	4.635337	20.70444	0.9040044
738	-880.232	-992.7842	112.5522	1.471387	5.154826	2.724998
744	-858.7877	-973.8526	115.0649	2.970461	1.941504	0.5109932
750	-880.5404	-995.1026	114.5622	2.793354	3.15757	0.7329828
756	-911.9254	-1023.354	111.4289	1.324284	5.886267	3.372102
762	-1069.545	-1186.766	117.2209	1.989425	0.175691	1.502536
768	-1147.869	-1259.587	111.7182	1.012787	44.38956	1.118351
774	-854.0725	-968.6957	114.6233	2.708055	1.48791	1.577214
780	-1065.85	-1177.658	111.8082	2.401992	24.47488	0.3374763
786	-1136.505	-1255.125	118.6199	1.48807	0.1456462	0.7707183
792	-1097.837	-1215.751	117.9145	1.48807	0.2259787	1.232034
798	-1129.377	-1242.302	112.9243	0.3509149	8.283794	2.756405
804	-979.4132	-1092.769	113.3553	1.58399	2.475336	2.756405
810	-1160.094	-1276.367	116.2732	0.9549264	0.5538507	2.29948
816	-1434.032	-1552.789	118.7578	0.2112701	0.384238	1.285857
822	-1210.815	-1329.817	119.0021	1.16723	0.08983272	0.9609946
828	-1440.529	-1556.665	116.1362	0.09910691	6.240201	0.9609946
834	-1153.078	-1268.374	115.2953	0.5720804	0.6413976	3.058599
840	-943.989	-1057.155	113.166	5.307691	0.6413976	1.344485
846	-944.3039	-1059.46	115.1558	2.225352	1.205816	1.703651
852	-1221.334	-1334.421	113.087	1.864676	16.48931	0.6003094
858	-895.748	-1010.194	114.4462	3.396787	1.770531	0.9921177
864	-933.2085	-1047.698	114.4897	3.396787	1.986735	0.2917787
870	-920.5569	-1031.781	111.2245	5.827565	2.63809	0.1287456
876	-951.3172	-1066.937	115.6201	1.721099	1.80666	1.405643
882	-1098.44	-1212.576	114.1353	1.238555	7.908939	1.405643
888	-980.7235	-1095.646	114.9224	3.640876	0.5285072	1.405643
894	-1091.849	-1209.733	117.8834	0.6554437	0.08611158	2.198296
900	-1158.792	-1276.143	117.3509	2.386127	0.07407451	1.402015
906	-1143.304	-1259.658	116.3542	0.6955214	0.4247247	2.548923
912	-1363.801	-1478.907	115.1064	0.1867241	5.755939	1.806035
918	-1050.868	-1168.337	117.4696	1.753111	0.2693292	1.286599
924	-1341.613	-1460.236	118.6224	0.3688145	0.2693292	1.46842
930	-1519.361	-1637.518	118.1566	1.305309	0.2494962	0.164791
936	-1045.157	-1158.393	113.236	2.417212	10.8062	0.4248275
942	-1119.424	-1234.453	115.0289	1.841518	4.429042	0.2943169
948	-1229.605	-1345.85	116.2447	4.373055	0.04674925	0.6241922
954	-968.9965	-1084.346	115.349	2.243492	0.4741281	2.147927
960	-1102.831	-1221.035	118.2046	1.078375	0.4741281	0.823105
966	-1192.639	-1309.749	117.1098	1.305741	1.293673	0.7157083
972	-966.4558	-1082.558	116.1019	2.327499	1.293673	0.6917871
978	-1019.813	-1135.143	115.3301	3.91753	0.3470557	0.1684809
984	-1221.27	-1338.362	117.0926	0.230769	0.8901261	1.954291
990	-1146.796	-1262.47	115.674	0.265728	0.1654656	3.590058
996	-1463.47	-1579.824	116.3544	0.2081694	5.893031	0.6187578
